<?xml version="1.0" encoding="UTF-8"?>
<!-- Generated by org.testng.reporters.JUnitReportReporter -->
<testsuite hostname="NATARAJAN-PC" failures="0" tests="1" name="StockMarketTesting.StockMarket" time="349.196" errors="0" timestamp="2024-08-10T10:48:02 IST" skipped="0">
  <testcase classname="StockMarketTesting.StockMarket" name="test1" time="349.196"/>
</testsuite> <!-- StockMarketTesting.StockMarket -->
