<?xml version="1.0" encoding="UTF-8"?>
<!-- Generated by org.testng.reporters.JUnitReportReporter -->
<testsuite hostname="NATARAJAN-PC" failures="0" tests="1" name="WebSites.Naukri" time="22.112" errors="0" timestamp="2024-08-10T12:42:53 IST" skipped="0">
  <testcase classname="WebSites.Naukri" name="updateProfile" time="22.112"/>
</testsuite> <!-- WebSites.Naukri -->
